c:\users\renaud\desktop\lucarne\main\build\lib\lua\lua.dir\debug\vc120.pdb
c:\users\renaud\desktop\lucarne\main\build\lib\lua\lua.dir\debug\lparser.obj
c:\users\renaud\desktop\lucarne\main\build\lib\lua\lua.dir\debug\loslib.obj
c:\users\renaud\desktop\lucarne\main\build\lib\lua\lua.dir\debug\lopcodes.obj
c:\users\renaud\desktop\lucarne\main\build\lib\lua\lua.dir\debug\lobject.obj
c:\users\renaud\desktop\lucarne\main\build\lib\lua\lua.dir\debug\loadlib.obj
c:\users\renaud\desktop\lucarne\main\build\lib\lua\lua.dir\debug\lmem.obj
c:\users\renaud\desktop\lucarne\main\build\lib\lua\lua.dir\debug\lmathlib.obj
c:\users\renaud\desktop\lucarne\main\build\lib\lua\lua.dir\debug\llex.obj
c:\users\renaud\desktop\lucarne\main\build\lib\lua\lua.dir\debug\liolib.obj
c:\users\renaud\desktop\lucarne\main\build\lib\lua\lua.dir\debug\linit.obj
c:\users\renaud\desktop\lucarne\main\build\lib\lua\lua.dir\debug\lgc.obj
c:\users\renaud\desktop\lucarne\main\build\lib\lua\lua.dir\debug\lfunc.obj
c:\users\renaud\desktop\lucarne\main\build\lib\lua\lua.dir\debug\ldump.obj
c:\users\renaud\desktop\lucarne\main\build\lib\lua\lua.dir\debug\ldo.obj
c:\users\renaud\desktop\lucarne\main\build\lib\lua\lua.dir\debug\ldebug.obj
c:\users\renaud\desktop\lucarne\main\build\lib\lua\lua.dir\debug\ldblib.obj
c:\users\renaud\desktop\lucarne\main\build\lib\lua\lua.dir\debug\lcode.obj
c:\users\renaud\desktop\lucarne\main\build\lib\lua\lua.dir\debug\lbaselib.obj
c:\users\renaud\desktop\lucarne\main\build\lib\lua\lua.dir\debug\lauxlib.obj
c:\users\renaud\desktop\lucarne\main\build\lib\lua\lua.dir\debug\lapi.obj
c:\users\renaud\desktop\lucarne\main\build\lib\lua\lua.dir\debug\print.obj
c:\users\renaud\desktop\lucarne\main\build\lib\lua\lua.dir\debug\lzio.obj
c:\users\renaud\desktop\lucarne\main\build\lib\lua\lua.dir\debug\lvm.obj
c:\users\renaud\desktop\lucarne\main\build\lib\lua\lua.dir\debug\lundump.obj
c:\users\renaud\desktop\lucarne\main\build\lib\lua\lua.dir\debug\ltm.obj
c:\users\renaud\desktop\lucarne\main\build\lib\lua\lua.dir\debug\ltablib.obj
c:\users\renaud\desktop\lucarne\main\build\lib\lua\lua.dir\debug\ltable.obj
c:\users\renaud\desktop\lucarne\main\build\lib\lua\lua.dir\debug\lstrlib.obj
c:\users\renaud\desktop\lucarne\main\build\lib\lua\lua.dir\debug\lstring.obj
c:\users\renaud\desktop\lucarne\main\build\lib\lua\lua.dir\debug\lstate.obj
c:\users\renaud\desktop\lucarne\main\build\lib\lua\cmakefiles\generate.stamp
c:\users\renaud\desktop\lucarne\main\build\lib\lua\debug\lua-d.lib
c:\users\renaud\desktop\lucarne\main\build\lib\lua\lua.dir\debug\lua.tlog\cl.command.1.tlog
c:\users\renaud\desktop\lucarne\main\build\lib\lua\lua.dir\debug\lua.tlog\cl.read.1.tlog
c:\users\renaud\desktop\lucarne\main\build\lib\lua\lua.dir\debug\lua.tlog\cl.write.1.tlog
c:\users\renaud\desktop\lucarne\main\build\lib\lua\lua.dir\debug\lua.tlog\custombuild.command.1.tlog
c:\users\renaud\desktop\lucarne\main\build\lib\lua\lua.dir\debug\lua.tlog\custombuild.read.1.tlog
c:\users\renaud\desktop\lucarne\main\build\lib\lua\lua.dir\debug\lua.tlog\custombuild.write.1.tlog
c:\users\renaud\desktop\lucarne\main\build\lib\lua\lua.dir\debug\lua.tlog\lib-link.read.1.tlog
c:\users\renaud\desktop\lucarne\main\build\lib\lua\lua.dir\debug\lua.tlog\lib-link.write.1.tlog
c:\users\renaud\desktop\lucarne\main\build\lib\lua\lua.dir\debug\lua.tlog\lib.command.1.tlog
