La génération a démarré 12/05/2015 14:30:56.
     1>Projet "C:\Users\Renaud\Desktop\Lucarne\Main\BUILD\lib\lua\lua.vcxproj" sur le nœud 3 (Build cible(s)).
     1>CustomBuild:
         Building Custom Rule C:/Users/Renaud/Desktop/Lucarne/Main/src-2015/lib/lua/CMakeLists.txt
         CMake does not need to re-run because C:\Users\Renaud\Desktop\Lucarne\Main\BUILD\lib\lua\CMakeFiles\generate.stamp is up-to-date.
       ClCompile:
         C:\Program Files (x86)\Microsoft Visual Studio 12.0\VC\bin\CL.exe /c /I"C:\Users\Renaud\Desktop\Lucarne\Main\src-2015\..\LibSL-bin-win32\src" /I"C:\Users\Renaud\Desktop\Lucarne\Main\src-2015\..\LibSL-bin-win32\src\LibSL" /I"C:\Users\Renaud\Desktop\Lucarne\Main\src-2015\..\LibSL-bin-win32\src\libs\src" /I"C:\Users\Renaud\Desktop\Lucarne\Main\src-2015\..\LibSL-bin-win32\src\libs\src\loki\include" /I"C:\Users\Renaud\Desktop\Lucarne\Main\src-2015\..\LibSL-bin-win32\src\libs\src\tclap\include" /I"C:\Users\Renaud\Desktop\Lucarne\Main\src-2015\..\LibSL-bin-win32\src\libs\src\glux\src" /I"C:\Users\Renaud\Desktop\Lucarne\Main\src-2015\..\LibSL-bin-win32\src\libs\src\png" /I"C:\Users\Renaud\Desktop\Lucarne\Main\src-2015\..\LibSL-bin-win32\src\libs\src\jpeg" /I"C:\Users\Renaud\Desktop\Lucarne\Main\src-2015\..\LibSL-bin-win32\src\libs\src\zlib" /I"C:\Users\Renaud\Desktop\Lucarne\Main\src-2015\..\LibSL-bin-win32\src\libs\src\newmat" /I"C:\Users\Renaud\Desktop\Lucarne\Main\src-2015\..\LibSL-bin-win32\src\libs\src\tinyxml" /I"C:\Users\Renaud\Desktop\Lucarne\Main\src-2015\..\LibSL-bin-win32\src\libs\src\anttweakbar\include" /I"C:\Users\Renaud\Desktop\Lucarne\Main\src-2015\..\LibSL-bin-win32\src\libs\src\OpenNL\src" /I"C:\Users\Renaud\Desktop\Lucarne\Main\src-2015\..\LibSL-bin-win32\src\libs\bin\win32\TAUCS\include" /I"C:\Users\Renaud\Desktop\Lucarne\Main\src-2015\..\LibSL-bin-win32\src\libs\src\SQLite" /I"C:\Users\Renaud\Desktop\Lucarne\Main\src-2015\..\LibSL-bin-win32\src\libs\src\hashlibpp\src" /I\include /I\lib\x86 /I\Samples\C++\DXUT\Core /I"C:\Users\Renaud\Desktop\Lucarne\Main\src-2015\common" /Zi /nologo /W3 /WX- /Od /Ob0 /Oy- /D WIN32 /D _WINDOWS /D _DEBUG /D USE_GLUX /D UNICODE /D _UNICODE /D TW_STATIC /D TW_NO_LIB_PRAGMA /D "DATA_PATH=\"C:/Users/Renaud/Desktop/Lucarne/Main/src-2015/data/\"" /D "SRC_PATH=\"C:/Users/Renaud/Desktop/Lucarne/Main/src-2015/\"" /D LUA_COMPAT_ALL /D _CRT_SECURE_NO_WARNINGS /D "CMAKE_INTDIR=\"Debug\"" /D _UNICODE /D UNICODE /Gm- /RTC1 /MDd /GS /fp:precise /Zc:wchar_t /Zc:forScope /Fo"lua.dir\Debug\\" /Fd"lua.dir\Debug\vc120.pdb" /Gd /TC /analyze- /errorReport:prompt "C:\Users\Renaud\Desktop\Lucarne\Main\src-2015\lib\lua\src\lapi.c" "C:\Users\Renaud\Desktop\Lucarne\Main\src-2015\lib\lua\src\lauxlib.c" "C:\Users\Renaud\Desktop\Lucarne\Main\src-2015\lib\lua\src\lbaselib.c" "C:\Users\Renaud\Desktop\Lucarne\Main\src-2015\lib\lua\src\lcode.c" "C:\Users\Renaud\Desktop\Lucarne\Main\src-2015\lib\lua\src\ldblib.c" "C:\Users\Renaud\Desktop\Lucarne\Main\src-2015\lib\lua\src\ldebug.c" "C:\Users\Renaud\Desktop\Lucarne\Main\src-2015\lib\lua\src\ldo.c" "C:\Users\Renaud\Desktop\Lucarne\Main\src-2015\lib\lua\src\ldump.c" "C:\Users\Renaud\Desktop\Lucarne\Main\src-2015\lib\lua\src\lfunc.c" "C:\Users\Renaud\Desktop\Lucarne\Main\src-2015\lib\lua\src\lgc.c" "C:\Users\Renaud\Desktop\Lucarne\Main\src-2015\lib\lua\src\linit.c" "C:\Users\Renaud\Desktop\Lucarne\Main\src-2015\lib\lua\src\liolib.c" "C:\Users\Renaud\Desktop\Lucarne\Main\src-2015\lib\lua\src\llex.c" "C:\Users\Renaud\Desktop\Lucarne\Main\src-2015\lib\lua\src\lmathlib.c" "C:\Users\Renaud\Desktop\Lucarne\Main\src-2015\lib\lua\src\lmem.c" "C:\Users\Renaud\Desktop\Lucarne\Main\src-2015\lib\lua\src\loadlib.c" "C:\Users\Renaud\Desktop\Lucarne\Main\src-2015\lib\lua\src\lobject.c" "C:\Users\Renaud\Desktop\Lucarne\Main\src-2015\lib\lua\src\lopcodes.c" "C:\Users\Renaud\Desktop\Lucarne\Main\src-2015\lib\lua\src\loslib.c" "C:\Users\Renaud\Desktop\Lucarne\Main\src-2015\lib\lua\src\lparser.c" "C:\Users\Renaud\Desktop\Lucarne\Main\src-2015\lib\lua\src\lstate.c" "C:\Users\Renaud\Desktop\Lucarne\Main\src-2015\lib\lua\src\lstring.c" "C:\Users\Renaud\Desktop\Lucarne\Main\src-2015\lib\lua\src\lstrlib.c" "C:\Users\Renaud\Desktop\Lucarne\Main\src-2015\lib\lua\src\ltable.c" "C:\Users\Renaud\Desktop\Lucarne\Main\src-2015\lib\lua\src\ltablib.c" "C:\Users\Renaud\Desktop\Lucarne\Main\src-2015\lib\lua\src\ltm.c" "C:\Users\Renaud\Desktop\Lucarne\Main\src-2015\lib\lua\src\lundump.c" "C:\Users\Renaud\Desktop\Lucarne\Main\src-2015\lib\lua\src\lvm.c" "C:\Users\Renaud\Desktop\Lucarne\Main\src-2015\lib\lua\src\lzio.c" "C:\Users\Renaud\Desktop\Lucarne\Main\src-2015\lib\lua\src\print.c"
         lapi.c
         lauxlib.c
         lbaselib.c
         lcode.c
         ldblib.c
         ldebug.c
         ldo.c
         ldump.c
         lfunc.c
         lgc.c
         linit.c
         liolib.c
         llex.c
         lmathlib.c
         lmem.c
         loadlib.c
         lobject.c
         lopcodes.c
         loslib.c
         lparser.c
         Génération de code en cours...
         Compilation en cours...
         lstate.c
         lstring.c
         lstrlib.c
         ltable.c
         ltablib.c
         ltm.c
         lundump.c
         lvm.c
         lzio.c
         print.c
         Génération de code en cours...
       Lib:
         C:\Program Files (x86)\Microsoft Visual Studio 12.0\VC\bin\Lib.exe /OUT:"C:\Users\Renaud\Desktop\Lucarne\Main\BUILD\lib\lua\Debug\lua-d.lib" /NOLOGO lua.dir\Debug\lapi.obj
         lua.dir\Debug\lauxlib.obj
         lua.dir\Debug\lbaselib.obj
         lua.dir\Debug\lcode.obj
         lua.dir\Debug\ldblib.obj
         lua.dir\Debug\ldebug.obj
         lua.dir\Debug\ldo.obj
         lua.dir\Debug\ldump.obj
         lua.dir\Debug\lfunc.obj
         lua.dir\Debug\lgc.obj
         lua.dir\Debug\linit.obj
         lua.dir\Debug\liolib.obj
         lua.dir\Debug\llex.obj
         lua.dir\Debug\lmathlib.obj
         lua.dir\Debug\lmem.obj
         lua.dir\Debug\loadlib.obj
         lua.dir\Debug\lobject.obj
         lua.dir\Debug\lopcodes.obj
         lua.dir\Debug\loslib.obj
         lua.dir\Debug\lparser.obj
         lua.dir\Debug\lstate.obj
         lua.dir\Debug\lstring.obj
         lua.dir\Debug\lstrlib.obj
         lua.dir\Debug\ltable.obj
         lua.dir\Debug\ltablib.obj
         lua.dir\Debug\ltm.obj
         lua.dir\Debug\lundump.obj
         lua.dir\Debug\lvm.obj
         lua.dir\Debug\lzio.obj
         lua.dir\Debug\print.obj
         lua.vcxproj -> C:\Users\Renaud\Desktop\Lucarne\Main\BUILD\lib\lua\Debug\lua-d.lib
     1>Génération du projet "C:\Users\Renaud\Desktop\Lucarne\Main\BUILD\lib\lua\lua.vcxproj" terminée (Build cible(s)).

La génération a réussi.

Temps écoulé 00:00:02.69
