La génération a démarré 12/05/2015 14:34:45.
     1>Projet "C:\Users\Renaud\Desktop\Lucarne\Main\BUILD\src\Lucarne\Lucarne.vcxproj" sur le nœud 2 (Build cible(s)).
     1>Link:
         C:\Program Files (x86)\Microsoft Visual Studio 12.0\VC\bin\link.exe /ERRORREPORT:PROMPT /OUT:"C:\Users\Renaud\Desktop\Lucarne\Main\src-2015\Lucarne-d.exe" /INCREMENTAL /NOLOGO /LIBPATH:"C:/Users/Renaud/Desktop/Lucarne/Main/src-2015/lib" /LIBPATH:"C:/Users/Renaud/Desktop/Lucarne/Main/src-2015/lib/Debug" kernel32.lib user32.lib gdi32.lib winspool.lib shell32.lib ole32.lib oleaut32.lib uuid.lib comdlg32.lib advapi32.lib ..\..\common\Debug\common.lib "C:\Users\Renaud\Desktop\Lucarne\Main\src-2015\..\LibSL-bin-win32\lib\LibSL-d.lib" "C:\Users\Renaud\Desktop\Lucarne\Main\src-2015\..\LibSL-bin-win32\lib\jpeg-d.lib" "C:\Users\Renaud\Desktop\Lucarne\Main\src-2015\..\LibSL-bin-win32\lib\png-d.lib" "C:\Users\Renaud\Desktop\Lucarne\Main\src-2015\..\LibSL-bin-win32\lib\zlib-d.lib" "C:\Users\Renaud\Desktop\Lucarne\Main\src-2015\..\LibSL-bin-win32\lib\loki-d.lib" "C:\Users\Renaud\Desktop\Lucarne\Main\src-2015\..\LibSL-bin-win32\lib\3ds-d.lib" "C:\Users\Renaud\Desktop\Lucarne\Main\src-2015\..\LibSL-bin-win32\lib\tinyxml-d.lib" "C:\Users\Renaud\Desktop\Lucarne\Main\src-2015\..\LibSL-bin-win32\lib\hashlibpp-d.lib" winmm.lib psapi.lib shlwapi.lib "C:\Users\Renaud\Desktop\Lucarne\Main\src-2015\..\LibSL-bin-win32\lib\LibSL_gl-d.lib" "C:\Users\Renaud\Desktop\Lucarne\Main\src-2015\..\LibSL-bin-win32\lib\glux-d.lib" "C:\Users\Renaud\Desktop\Lucarne\Main\src-2015\..\LibSL-bin-win32\lib\AntTweakBar-d.lib" glu32.lib opengl32.lib "..\..\lib\lua\Debug\lua-d.lib" "..\..\lib\luabind\Debug\luabind-d.lib" /MANIFEST /MANIFESTUAC:"level='asInvoker' uiAccess='false'" /manifest:embed /DEBUG /PDB:"C:/Users/Renaud/Desktop/Lucarne/Main/src-2015/Lucarne-d.pdb" /SUBSYSTEM:CONSOLE /TLBID:1 /DYNAMICBASE /NXCOMPAT /IMPLIB:"C:/Users/Renaud/Desktop/Lucarne/Main/BUILD/src/Lucarne/Debug/Lucarne-d.lib" /MACHINE:X86 /SAFESEH  /machine:X86 /debug Lucarne.dir\Debug\main.obj
         Lucarne.dir\Debug\script.obj
         Lucarne.dir\Debug\tilemap.obj
         Lucarne.dir\Debug\entity.obj
            Création de la bibliothèque C:/Users/Renaud/Desktop/Lucarne/Main/BUILD/src/Lucarne/Debug/Lucarne-d.lib et de l'objet C:/Users/Renaud/Desktop/Lucarne/Main/BUILD/src/Lucarne/Debug/Lucarne-d.exp
     1>LibSL-d.lib(StlHelpers.obj) : warning LNK4099: PDB 'vc120.pdb' n'a pu être trouvé avec 'LibSL-d.lib(StlHelpers.obj)' ou sur 'C:\Users\Renaud\Desktop\Lucarne\Main\src-2015\vc120.pdb' ; l'objet sera lié sans informations de débogage
     1>LibSL-d.lib(tga.obj) : warning LNK4099: PDB 'vc120.pdb' n'a pu être trouvé avec 'LibSL-d.lib(tga.obj)' ou sur 'C:\Users\Renaud\Desktop\Lucarne\Main\src-2015\vc120.pdb' ; l'objet sera lié sans informations de débogage
     1>LibSL-d.lib(Image.obj) : warning LNK4099: PDB 'vc120.pdb' n'a pu être trouvé avec 'LibSL-d.lib(Image.obj)' ou sur 'C:\Users\Renaud\Desktop\Lucarne\Main\src-2015\vc120.pdb' ; l'objet sera lié sans informations de débogage
     1>LibSL-d.lib(ImageFormat_PNG.obj) : warning LNK4099: PDB 'vc120.pdb' n'a pu être trouvé avec 'LibSL-d.lib(ImageFormat_PNG.obj)' ou sur 'C:\Users\Renaud\Desktop\Lucarne\Main\src-2015\vc120.pdb' ; l'objet sera lié sans informations de débogage
     1>LibSL-d.lib(ImageFormat_JPG.obj) : warning LNK4099: PDB 'vc120.pdb' n'a pu être trouvé avec 'LibSL-d.lib(ImageFormat_JPG.obj)' ou sur 'C:\Users\Renaud\Desktop\Lucarne\Main\src-2015\vc120.pdb' ; l'objet sera lié sans informations de débogage
     1>LibSL-d.lib(ImageFormat_TGA.obj) : warning LNK4099: PDB 'vc120.pdb' n'a pu être trouvé avec 'LibSL-d.lib(ImageFormat_TGA.obj)' ou sur 'C:\Users\Renaud\Desktop\Lucarne\Main\src-2015\vc120.pdb' ; l'objet sera lié sans informations de débogage
     1>LibSL-d.lib(ImageFormat_float.obj) : warning LNK4099: PDB 'vc120.pdb' n'a pu être trouvé avec 'LibSL-d.lib(ImageFormat_float.obj)' ou sur 'C:\Users\Renaud\Desktop\Lucarne\Main\src-2015\vc120.pdb' ; l'objet sera lié sans informations de débogage
     1>LibSL-d.lib(ImageFormat_pfm.obj) : warning LNK4099: PDB 'vc120.pdb' n'a pu être trouvé avec 'LibSL-d.lib(ImageFormat_pfm.obj)' ou sur 'C:\Users\Renaud\Desktop\Lucarne\Main\src-2015\vc120.pdb' ; l'objet sera lié sans informations de débogage
     1>LibSL-d.lib(Vertex.obj) : warning LNK4099: PDB 'vc120.pdb' n'a pu être trouvé avec 'LibSL-d.lib(Vertex.obj)' ou sur 'C:\Users\Renaud\Desktop\Lucarne\Main\src-2015\vc120.pdb' ; l'objet sera lié sans informations de débogage
     1>LibSL-d.lib(System.obj) : warning LNK4099: PDB 'vc120.pdb' n'a pu être trouvé avec 'LibSL-d.lib(System.obj)' ou sur 'C:\Users\Renaud\Desktop\Lucarne\Main\src-2015\vc120.pdb' ; l'objet sera lié sans informations de débogage
     1>LibSL-d.lib(CppHelpers.obj) : warning LNK4099: PDB 'vc120.pdb' n'a pu être trouvé avec 'LibSL-d.lib(CppHelpers.obj)' ou sur 'C:\Users\Renaud\Desktop\Lucarne\Main\src-2015\vc120.pdb' ; l'objet sera lié sans informations de débogage
     1>LibSL-d.lib(Math.obj) : warning LNK4099: PDB 'vc120.pdb' n'a pu être trouvé avec 'LibSL-d.lib(Math.obj)' ou sur 'C:\Users\Renaud\Desktop\Lucarne\Main\src-2015\vc120.pdb' ; l'objet sera lié sans informations de débogage
     1>LibSL-d.lib(Mesh.obj) : warning LNK4099: PDB 'vc120.pdb' n'a pu être trouvé avec 'LibSL-d.lib(Mesh.obj)' ou sur 'C:\Users\Renaud\Desktop\Lucarne\Main\src-2015\vc120.pdb' ; l'objet sera lié sans informations de débogage
     1>LibSL-d.lib(MeshFormat_3DS.obj) : warning LNK4099: PDB 'vc120.pdb' n'a pu être trouvé avec 'LibSL-d.lib(MeshFormat_3DS.obj)' ou sur 'C:\Users\Renaud\Desktop\Lucarne\Main\src-2015\vc120.pdb' ; l'objet sera lié sans informations de débogage
     1>LibSL-d.lib(MeshFormat_OBJ.obj) : warning LNK4099: PDB 'vc120.pdb' n'a pu être trouvé avec 'LibSL-d.lib(MeshFormat_OBJ.obj)' ou sur 'C:\Users\Renaud\Desktop\Lucarne\Main\src-2015\vc120.pdb' ; l'objet sera lié sans informations de débogage
     1>LibSL-d.lib(MeshFormat_wrl.obj) : warning LNK4099: PDB 'vc120.pdb' n'a pu être trouvé avec 'LibSL-d.lib(MeshFormat_wrl.obj)' ou sur 'C:\Users\Renaud\Desktop\Lucarne\Main\src-2015\vc120.pdb' ; l'objet sera lié sans informations de débogage
     1>LibSL-d.lib(MeshFormat_mesh.obj) : warning LNK4099: PDB 'vc120.pdb' n'a pu être trouvé avec 'LibSL-d.lib(MeshFormat_mesh.obj)' ou sur 'C:\Users\Renaud\Desktop\Lucarne\Main\src-2015\vc120.pdb' ; l'objet sera lié sans informations de débogage
     1>LibSL-d.lib(MeshFormat_map.obj) : warning LNK4099: PDB 'vc120.pdb' n'a pu être trouvé avec 'LibSL-d.lib(MeshFormat_map.obj)' ou sur 'C:\Users\Renaud\Desktop\Lucarne\Main\src-2015\vc120.pdb' ; l'objet sera lié sans informations de débogage
     1>LibSL-d.lib(MeshFormat_proc.obj) : warning LNK4099: PDB 'vc120.pdb' n'a pu être trouvé avec 'LibSL-d.lib(MeshFormat_proc.obj)' ou sur 'C:\Users\Renaud\Desktop\Lucarne\Main\src-2015\vc120.pdb' ; l'objet sera lié sans informations de débogage
     1>LibSL-d.lib(MeshFormat_dae.obj) : warning LNK4099: PDB 'vc120.pdb' n'a pu être trouvé avec 'LibSL-d.lib(MeshFormat_dae.obj)' ou sur 'C:\Users\Renaud\Desktop\Lucarne\Main\src-2015\vc120.pdb' ; l'objet sera lié sans informations de débogage
     1>LibSL-d.lib(MeshFormat_stl.obj) : warning LNK4099: PDB 'vc120.pdb' n'a pu être trouvé avec 'LibSL-d.lib(MeshFormat_stl.obj)' ou sur 'C:\Users\Renaud\Desktop\Lucarne\Main\src-2015\vc120.pdb' ; l'objet sera lié sans informations de débogage
     1>LibSL-d.lib(MeshFormat_off.obj) : warning LNK4099: PDB 'vc120.pdb' n'a pu être trouvé avec 'LibSL-d.lib(MeshFormat_off.obj)' ou sur 'C:\Users\Renaud\Desktop\Lucarne\Main\src-2015\vc120.pdb' ; l'objet sera lié sans informations de débogage
     1>LibSL-d.lib(VertexFormat_dynamic.obj) : warning LNK4099: PDB 'vc120.pdb' n'a pu être trouvé avec 'LibSL-d.lib(VertexFormat_dynamic.obj)' ou sur 'C:\Users\Renaud\Desktop\Lucarne\Main\src-2015\vc120.pdb' ; l'objet sera lié sans informations de débogage
     1>jpeg-d.lib(jcapimin.obj) : warning LNK4099: PDB 'vc120.pdb' n'a pu être trouvé avec 'jpeg-d.lib(jcapimin.obj)' ou sur 'C:\Users\Renaud\Desktop\Lucarne\Main\src-2015\vc120.pdb' ; l'objet sera lié sans informations de débogage
     1>jpeg-d.lib(jcapistd.obj) : warning LNK4099: PDB 'vc120.pdb' n'a pu être trouvé avec 'jpeg-d.lib(jcapistd.obj)' ou sur 'C:\Users\Renaud\Desktop\Lucarne\Main\src-2015\vc120.pdb' ; l'objet sera lié sans informations de débogage
     1>jpeg-d.lib(jccoefct.obj) : warning LNK4099: PDB 'vc120.pdb' n'a pu être trouvé avec 'jpeg-d.lib(jccoefct.obj)' ou sur 'C:\Users\Renaud\Desktop\Lucarne\Main\src-2015\vc120.pdb' ; l'objet sera lié sans informations de débogage
     1>jpeg-d.lib(jccolor.obj) : warning LNK4099: PDB 'vc120.pdb' n'a pu être trouvé avec 'jpeg-d.lib(jccolor.obj)' ou sur 'C:\Users\Renaud\Desktop\Lucarne\Main\src-2015\vc120.pdb' ; l'objet sera lié sans informations de débogage
     1>jpeg-d.lib(jcdctmgr.obj) : warning LNK4099: PDB 'vc120.pdb' n'a pu être trouvé avec 'jpeg-d.lib(jcdctmgr.obj)' ou sur 'C:\Users\Renaud\Desktop\Lucarne\Main\src-2015\vc120.pdb' ; l'objet sera lié sans informations de débogage
     1>jpeg-d.lib(jchuff.obj) : warning LNK4099: PDB 'vc120.pdb' n'a pu être trouvé avec 'jpeg-d.lib(jchuff.obj)' ou sur 'C:\Users\Renaud\Desktop\Lucarne\Main\src-2015\vc120.pdb' ; l'objet sera lié sans informations de débogage
     1>jpeg-d.lib(jcinit.obj) : warning LNK4099: PDB 'vc120.pdb' n'a pu être trouvé avec 'jpeg-d.lib(jcinit.obj)' ou sur 'C:\Users\Renaud\Desktop\Lucarne\Main\src-2015\vc120.pdb' ; l'objet sera lié sans informations de débogage
     1>jpeg-d.lib(jcmainct.obj) : warning LNK4099: PDB 'vc120.pdb' n'a pu être trouvé avec 'jpeg-d.lib(jcmainct.obj)' ou sur 'C:\Users\Renaud\Desktop\Lucarne\Main\src-2015\vc120.pdb' ; l'objet sera lié sans informations de débogage
     1>jpeg-d.lib(jcmarker.obj) : warning LNK4099: PDB 'vc120.pdb' n'a pu être trouvé avec 'jpeg-d.lib(jcmarker.obj)' ou sur 'C:\Users\Renaud\Desktop\Lucarne\Main\src-2015\vc120.pdb' ; l'objet sera lié sans informations de débogage
     1>jpeg-d.lib(jcmaster.obj) : warning LNK4099: PDB 'vc120.pdb' n'a pu être trouvé avec 'jpeg-d.lib(jcmaster.obj)' ou sur 'C:\Users\Renaud\Desktop\Lucarne\Main\src-2015\vc120.pdb' ; l'objet sera lié sans informations de débogage
     1>jpeg-d.lib(jcomapi.obj) : warning LNK4099: PDB 'vc120.pdb' n'a pu être trouvé avec 'jpeg-d.lib(jcomapi.obj)' ou sur 'C:\Users\Renaud\Desktop\Lucarne\Main\src-2015\vc120.pdb' ; l'objet sera lié sans informations de débogage
     1>jpeg-d.lib(jcparam.obj) : warning LNK4099: PDB 'vc120.pdb' n'a pu être trouvé avec 'jpeg-d.lib(jcparam.obj)' ou sur 'C:\Users\Renaud\Desktop\Lucarne\Main\src-2015\vc120.pdb' ; l'objet sera lié sans informations de débogage
     1>jpeg-d.lib(jcphuff.obj) : warning LNK4099: PDB 'vc120.pdb' n'a pu être trouvé avec 'jpeg-d.lib(jcphuff.obj)' ou sur 'C:\Users\Renaud\Desktop\Lucarne\Main\src-2015\vc120.pdb' ; l'objet sera lié sans informations de débogage
     1>jpeg-d.lib(jcprepct.obj) : warning LNK4099: PDB 'vc120.pdb' n'a pu être trouvé avec 'jpeg-d.lib(jcprepct.obj)' ou sur 'C:\Users\Renaud\Desktop\Lucarne\Main\src-2015\vc120.pdb' ; l'objet sera lié sans informations de débogage
     1>jpeg-d.lib(jcsample.obj) : warning LNK4099: PDB 'vc120.pdb' n'a pu être trouvé avec 'jpeg-d.lib(jcsample.obj)' ou sur 'C:\Users\Renaud\Desktop\Lucarne\Main\src-2015\vc120.pdb' ; l'objet sera lié sans informations de débogage
     1>jpeg-d.lib(jdapimin.obj) : warning LNK4099: PDB 'vc120.pdb' n'a pu être trouvé avec 'jpeg-d.lib(jdapimin.obj)' ou sur 'C:\Users\Renaud\Desktop\Lucarne\Main\src-2015\vc120.pdb' ; l'objet sera lié sans informations de débogage
     1>jpeg-d.lib(jdapistd.obj) : warning LNK4099: PDB 'vc120.pdb' n'a pu être trouvé avec 'jpeg-d.lib(jdapistd.obj)' ou sur 'C:\Users\Renaud\Desktop\Lucarne\Main\src-2015\vc120.pdb' ; l'objet sera lié sans informations de débogage
     1>jpeg-d.lib(jdatadst.obj) : warning LNK4099: PDB 'vc120.pdb' n'a pu être trouvé avec 'jpeg-d.lib(jdatadst.obj)' ou sur 'C:\Users\Renaud\Desktop\Lucarne\Main\src-2015\vc120.pdb' ; l'objet sera lié sans informations de débogage
     1>jpeg-d.lib(jdatasrc.obj) : warning LNK4099: PDB 'vc120.pdb' n'a pu être trouvé avec 'jpeg-d.lib(jdatasrc.obj)' ou sur 'C:\Users\Renaud\Desktop\Lucarne\Main\src-2015\vc120.pdb' ; l'objet sera lié sans informations de débogage
     1>jpeg-d.lib(jdcoefct.obj) : warning LNK4099: PDB 'vc120.pdb' n'a pu être trouvé avec 'jpeg-d.lib(jdcoefct.obj)' ou sur 'C:\Users\Renaud\Desktop\Lucarne\Main\src-2015\vc120.pdb' ; l'objet sera lié sans informations de débogage
     1>jpeg-d.lib(jdcolor.obj) : warning LNK4099: PDB 'vc120.pdb' n'a pu être trouvé avec 'jpeg-d.lib(jdcolor.obj)' ou sur 'C:\Users\Renaud\Desktop\Lucarne\Main\src-2015\vc120.pdb' ; l'objet sera lié sans informations de débogage
     1>jpeg-d.lib(jddctmgr.obj) : warning LNK4099: PDB 'vc120.pdb' n'a pu être trouvé avec 'jpeg-d.lib(jddctmgr.obj)' ou sur 'C:\Users\Renaud\Desktop\Lucarne\Main\src-2015\vc120.pdb' ; l'objet sera lié sans informations de débogage
     1>jpeg-d.lib(jdhuff.obj) : warning LNK4099: PDB 'vc120.pdb' n'a pu être trouvé avec 'jpeg-d.lib(jdhuff.obj)' ou sur 'C:\Users\Renaud\Desktop\Lucarne\Main\src-2015\vc120.pdb' ; l'objet sera lié sans informations de débogage
     1>jpeg-d.lib(jdinput.obj) : warning LNK4099: PDB 'vc120.pdb' n'a pu être trouvé avec 'jpeg-d.lib(jdinput.obj)' ou sur 'C:\Users\Renaud\Desktop\Lucarne\Main\src-2015\vc120.pdb' ; l'objet sera lié sans informations de débogage
     1>jpeg-d.lib(jdmainct.obj) : warning LNK4099: PDB 'vc120.pdb' n'a pu être trouvé avec 'jpeg-d.lib(jdmainct.obj)' ou sur 'C:\Users\Renaud\Desktop\Lucarne\Main\src-2015\vc120.pdb' ; l'objet sera lié sans informations de débogage
     1>jpeg-d.lib(jdmarker.obj) : warning LNK4099: PDB 'vc120.pdb' n'a pu être trouvé avec 'jpeg-d.lib(jdmarker.obj)' ou sur 'C:\Users\Renaud\Desktop\Lucarne\Main\src-2015\vc120.pdb' ; l'objet sera lié sans informations de débogage
     1>jpeg-d.lib(jdmaster.obj) : warning LNK4099: PDB 'vc120.pdb' n'a pu être trouvé avec 'jpeg-d.lib(jdmaster.obj)' ou sur 'C:\Users\Renaud\Desktop\Lucarne\Main\src-2015\vc120.pdb' ; l'objet sera lié sans informations de débogage
     1>jpeg-d.lib(jdmerge.obj) : warning LNK4099: PDB 'vc120.pdb' n'a pu être trouvé avec 'jpeg-d.lib(jdmerge.obj)' ou sur 'C:\Users\Renaud\Desktop\Lucarne\Main\src-2015\vc120.pdb' ; l'objet sera lié sans informations de débogage
     1>jpeg-d.lib(jdphuff.obj) : warning LNK4099: PDB 'vc120.pdb' n'a pu être trouvé avec 'jpeg-d.lib(jdphuff.obj)' ou sur 'C:\Users\Renaud\Desktop\Lucarne\Main\src-2015\vc120.pdb' ; l'objet sera lié sans informations de débogage
     1>jpeg-d.lib(jdpostct.obj) : warning LNK4099: PDB 'vc120.pdb' n'a pu être trouvé avec 'jpeg-d.lib(jdpostct.obj)' ou sur 'C:\Users\Renaud\Desktop\Lucarne\Main\src-2015\vc120.pdb' ; l'objet sera lié sans informations de débogage
     1>jpeg-d.lib(jdsample.obj) : warning LNK4099: PDB 'vc120.pdb' n'a pu être trouvé avec 'jpeg-d.lib(jdsample.obj)' ou sur 'C:\Users\Renaud\Desktop\Lucarne\Main\src-2015\vc120.pdb' ; l'objet sera lié sans informations de débogage
     1>jpeg-d.lib(jerror.obj) : warning LNK4099: PDB 'vc120.pdb' n'a pu être trouvé avec 'jpeg-d.lib(jerror.obj)' ou sur 'C:\Users\Renaud\Desktop\Lucarne\Main\src-2015\vc120.pdb' ; l'objet sera lié sans informations de débogage
     1>jpeg-d.lib(jfdctflt.obj) : warning LNK4099: PDB 'vc120.pdb' n'a pu être trouvé avec 'jpeg-d.lib(jfdctflt.obj)' ou sur 'C:\Users\Renaud\Desktop\Lucarne\Main\src-2015\vc120.pdb' ; l'objet sera lié sans informations de débogage
     1>jpeg-d.lib(jfdctfst.obj) : warning LNK4099: PDB 'vc120.pdb' n'a pu être trouvé avec 'jpeg-d.lib(jfdctfst.obj)' ou sur 'C:\Users\Renaud\Desktop\Lucarne\Main\src-2015\vc120.pdb' ; l'objet sera lié sans informations de débogage
     1>jpeg-d.lib(jfdctint.obj) : warning LNK4099: PDB 'vc120.pdb' n'a pu être trouvé avec 'jpeg-d.lib(jfdctint.obj)' ou sur 'C:\Users\Renaud\Desktop\Lucarne\Main\src-2015\vc120.pdb' ; l'objet sera lié sans informations de débogage
     1>jpeg-d.lib(jidctflt.obj) : warning LNK4099: PDB 'vc120.pdb' n'a pu être trouvé avec 'jpeg-d.lib(jidctflt.obj)' ou sur 'C:\Users\Renaud\Desktop\Lucarne\Main\src-2015\vc120.pdb' ; l'objet sera lié sans informations de débogage
     1>jpeg-d.lib(jidctfst.obj) : warning LNK4099: PDB 'vc120.pdb' n'a pu être trouvé avec 'jpeg-d.lib(jidctfst.obj)' ou sur 'C:\Users\Renaud\Desktop\Lucarne\Main\src-2015\vc120.pdb' ; l'objet sera lié sans informations de débogage
     1>jpeg-d.lib(jidctint.obj) : warning LNK4099: PDB 'vc120.pdb' n'a pu être trouvé avec 'jpeg-d.lib(jidctint.obj)' ou sur 'C:\Users\Renaud\Desktop\Lucarne\Main\src-2015\vc120.pdb' ; l'objet sera lié sans informations de débogage
     1>jpeg-d.lib(jidctred.obj) : warning LNK4099: PDB 'vc120.pdb' n'a pu être trouvé avec 'jpeg-d.lib(jidctred.obj)' ou sur 'C:\Users\Renaud\Desktop\Lucarne\Main\src-2015\vc120.pdb' ; l'objet sera lié sans informations de débogage
     1>jpeg-d.lib(jquant1.obj) : warning LNK4099: PDB 'vc120.pdb' n'a pu être trouvé avec 'jpeg-d.lib(jquant1.obj)' ou sur 'C:\Users\Renaud\Desktop\Lucarne\Main\src-2015\vc120.pdb' ; l'objet sera lié sans informations de débogage
     1>jpeg-d.lib(jquant2.obj) : warning LNK4099: PDB 'vc120.pdb' n'a pu être trouvé avec 'jpeg-d.lib(jquant2.obj)' ou sur 'C:\Users\Renaud\Desktop\Lucarne\Main\src-2015\vc120.pdb' ; l'objet sera lié sans informations de débogage
     1>jpeg-d.lib(jutils.obj) : warning LNK4099: PDB 'vc120.pdb' n'a pu être trouvé avec 'jpeg-d.lib(jutils.obj)' ou sur 'C:\Users\Renaud\Desktop\Lucarne\Main\src-2015\vc120.pdb' ; l'objet sera lié sans informations de débogage
     1>jpeg-d.lib(jmemmgr.obj) : warning LNK4099: PDB 'vc120.pdb' n'a pu être trouvé avec 'jpeg-d.lib(jmemmgr.obj)' ou sur 'C:\Users\Renaud\Desktop\Lucarne\Main\src-2015\vc120.pdb' ; l'objet sera lié sans informations de débogage
     1>jpeg-d.lib(jmemansi.obj) : warning LNK4099: PDB 'vc120.pdb' n'a pu être trouvé avec 'jpeg-d.lib(jmemansi.obj)' ou sur 'C:\Users\Renaud\Desktop\Lucarne\Main\src-2015\vc120.pdb' ; l'objet sera lié sans informations de débogage
     1>png-d.lib(png.obj) : warning LNK4099: PDB 'vc120.pdb' n'a pu être trouvé avec 'png-d.lib(png.obj)' ou sur 'C:\Users\Renaud\Desktop\Lucarne\Main\src-2015\vc120.pdb' ; l'objet sera lié sans informations de débogage
     1>png-d.lib(pngerror.obj) : warning LNK4099: PDB 'vc120.pdb' n'a pu être trouvé avec 'png-d.lib(pngerror.obj)' ou sur 'C:\Users\Renaud\Desktop\Lucarne\Main\src-2015\vc120.pdb' ; l'objet sera lié sans informations de débogage
     1>png-d.lib(pngget.obj) : warning LNK4099: PDB 'vc120.pdb' n'a pu être trouvé avec 'png-d.lib(pngget.obj)' ou sur 'C:\Users\Renaud\Desktop\Lucarne\Main\src-2015\vc120.pdb' ; l'objet sera lié sans informations de débogage
     1>png-d.lib(pngmem.obj) : warning LNK4099: PDB 'vc120.pdb' n'a pu être trouvé avec 'png-d.lib(pngmem.obj)' ou sur 'C:\Users\Renaud\Desktop\Lucarne\Main\src-2015\vc120.pdb' ; l'objet sera lié sans informations de débogage
     1>png-d.lib(pngread.obj) : warning LNK4099: PDB 'vc120.pdb' n'a pu être trouvé avec 'png-d.lib(pngread.obj)' ou sur 'C:\Users\Renaud\Desktop\Lucarne\Main\src-2015\vc120.pdb' ; l'objet sera lié sans informations de débogage
     1>png-d.lib(pngrio.obj) : warning LNK4099: PDB 'vc120.pdb' n'a pu être trouvé avec 'png-d.lib(pngrio.obj)' ou sur 'C:\Users\Renaud\Desktop\Lucarne\Main\src-2015\vc120.pdb' ; l'objet sera lié sans informations de débogage
     1>png-d.lib(pngrtran.obj) : warning LNK4099: PDB 'vc120.pdb' n'a pu être trouvé avec 'png-d.lib(pngrtran.obj)' ou sur 'C:\Users\Renaud\Desktop\Lucarne\Main\src-2015\vc120.pdb' ; l'objet sera lié sans informations de débogage
     1>png-d.lib(pngrutil.obj) : warning LNK4099: PDB 'vc120.pdb' n'a pu être trouvé avec 'png-d.lib(pngrutil.obj)' ou sur 'C:\Users\Renaud\Desktop\Lucarne\Main\src-2015\vc120.pdb' ; l'objet sera lié sans informations de débogage
     1>png-d.lib(pngset.obj) : warning LNK4099: PDB 'vc120.pdb' n'a pu être trouvé avec 'png-d.lib(pngset.obj)' ou sur 'C:\Users\Renaud\Desktop\Lucarne\Main\src-2015\vc120.pdb' ; l'objet sera lié sans informations de débogage
     1>png-d.lib(pngtrans.obj) : warning LNK4099: PDB 'vc120.pdb' n'a pu être trouvé avec 'png-d.lib(pngtrans.obj)' ou sur 'C:\Users\Renaud\Desktop\Lucarne\Main\src-2015\vc120.pdb' ; l'objet sera lié sans informations de débogage
     1>png-d.lib(pngwio.obj) : warning LNK4099: PDB 'vc120.pdb' n'a pu être trouvé avec 'png-d.lib(pngwio.obj)' ou sur 'C:\Users\Renaud\Desktop\Lucarne\Main\src-2015\vc120.pdb' ; l'objet sera lié sans informations de débogage
     1>png-d.lib(pngwrite.obj) : warning LNK4099: PDB 'vc120.pdb' n'a pu être trouvé avec 'png-d.lib(pngwrite.obj)' ou sur 'C:\Users\Renaud\Desktop\Lucarne\Main\src-2015\vc120.pdb' ; l'objet sera lié sans informations de débogage
     1>png-d.lib(pngwtran.obj) : warning LNK4099: PDB 'vc120.pdb' n'a pu être trouvé avec 'png-d.lib(pngwtran.obj)' ou sur 'C:\Users\Renaud\Desktop\Lucarne\Main\src-2015\vc120.pdb' ; l'objet sera lié sans informations de débogage
     1>png-d.lib(pngwutil.obj) : warning LNK4099: PDB 'vc120.pdb' n'a pu être trouvé avec 'png-d.lib(pngwutil.obj)' ou sur 'C:\Users\Renaud\Desktop\Lucarne\Main\src-2015\vc120.pdb' ; l'objet sera lié sans informations de débogage
     1>zlib-d.lib(adler32.obj) : warning LNK4099: PDB 'vc120.pdb' n'a pu être trouvé avec 'zlib-d.lib(adler32.obj)' ou sur 'C:\Users\Renaud\Desktop\Lucarne\Main\src-2015\vc120.pdb' ; l'objet sera lié sans informations de débogage
     1>zlib-d.lib(inftrees.obj) : warning LNK4099: PDB 'vc120.pdb' n'a pu être trouvé avec 'zlib-d.lib(inftrees.obj)' ou sur 'C:\Users\Renaud\Desktop\Lucarne\Main\src-2015\vc120.pdb' ; l'objet sera lié sans informations de débogage
     1>zlib-d.lib(compress.obj) : warning LNK4099: PDB 'vc120.pdb' n'a pu être trouvé avec 'zlib-d.lib(compress.obj)' ou sur 'C:\Users\Renaud\Desktop\Lucarne\Main\src-2015\vc120.pdb' ; l'objet sera lié sans informations de débogage
     1>zlib-d.lib(zutil.obj) : warning LNK4099: PDB 'vc120.pdb' n'a pu être trouvé avec 'zlib-d.lib(zutil.obj)' ou sur 'C:\Users\Renaud\Desktop\Lucarne\Main\src-2015\vc120.pdb' ; l'objet sera lié sans informations de débogage
     1>zlib-d.lib(crc32.obj) : warning LNK4099: PDB 'vc120.pdb' n'a pu être trouvé avec 'zlib-d.lib(crc32.obj)' ou sur 'C:\Users\Renaud\Desktop\Lucarne\Main\src-2015\vc120.pdb' ; l'objet sera lié sans informations de débogage
     1>zlib-d.lib(deflate.obj) : warning LNK4099: PDB 'vc120.pdb' n'a pu être trouvé avec 'zlib-d.lib(deflate.obj)' ou sur 'C:\Users\Renaud\Desktop\Lucarne\Main\src-2015\vc120.pdb' ; l'objet sera lié sans informations de débogage
     1>zlib-d.lib(inffast.obj) : warning LNK4099: PDB 'vc120.pdb' n'a pu être trouvé avec 'zlib-d.lib(inffast.obj)' ou sur 'C:\Users\Renaud\Desktop\Lucarne\Main\src-2015\vc120.pdb' ; l'objet sera lié sans informations de débogage
     1>zlib-d.lib(inflate.obj) : warning LNK4099: PDB 'vc120.pdb' n'a pu être trouvé avec 'zlib-d.lib(inflate.obj)' ou sur 'C:\Users\Renaud\Desktop\Lucarne\Main\src-2015\vc120.pdb' ; l'objet sera lié sans informations de débogage
     1>zlib-d.lib(trees.obj) : warning LNK4099: PDB 'vc120.pdb' n'a pu être trouvé avec 'zlib-d.lib(trees.obj)' ou sur 'C:\Users\Renaud\Desktop\Lucarne\Main\src-2015\vc120.pdb' ; l'objet sera lié sans informations de débogage
     1>3ds-d.lib(lib3ds_atmosphere.obj) : warning LNK4099: PDB 'vc120.pdb' n'a pu être trouvé avec '3ds-d.lib(lib3ds_atmosphere.obj)' ou sur 'C:\Users\Renaud\Desktop\Lucarne\Main\src-2015\vc120.pdb' ; l'objet sera lié sans informations de débogage
     1>3ds-d.lib(lib3ds_background.obj) : warning LNK4099: PDB 'vc120.pdb' n'a pu être trouvé avec '3ds-d.lib(lib3ds_background.obj)' ou sur 'C:\Users\Renaud\Desktop\Lucarne\Main\src-2015\vc120.pdb' ; l'objet sera lié sans informations de débogage
     1>3ds-d.lib(lib3ds_camera.obj) : warning LNK4099: PDB 'vc120.pdb' n'a pu être trouvé avec '3ds-d.lib(lib3ds_camera.obj)' ou sur 'C:\Users\Renaud\Desktop\Lucarne\Main\src-2015\vc120.pdb' ; l'objet sera lié sans informations de débogage
     1>3ds-d.lib(lib3ds_chunk.obj) : warning LNK4099: PDB 'vc120.pdb' n'a pu être trouvé avec '3ds-d.lib(lib3ds_chunk.obj)' ou sur 'C:\Users\Renaud\Desktop\Lucarne\Main\src-2015\vc120.pdb' ; l'objet sera lié sans informations de débogage
     1>3ds-d.lib(lib3ds_chunktable.obj) : warning LNK4099: PDB 'vc120.pdb' n'a pu être trouvé avec '3ds-d.lib(lib3ds_chunktable.obj)' ou sur 'C:\Users\Renaud\Desktop\Lucarne\Main\src-2015\vc120.pdb' ; l'objet sera lié sans informations de débogage
     1>3ds-d.lib(lib3ds_file.obj) : warning LNK4099: PDB 'vc120.pdb' n'a pu être trouvé avec '3ds-d.lib(lib3ds_file.obj)' ou sur 'C:\Users\Renaud\Desktop\Lucarne\Main\src-2015\vc120.pdb' ; l'objet sera lié sans informations de débogage
     1>3ds-d.lib(lib3ds_io.obj) : warning LNK4099: PDB 'vc120.pdb' n'a pu être trouvé avec '3ds-d.lib(lib3ds_io.obj)' ou sur 'C:\Users\Renaud\Desktop\Lucarne\Main\src-2015\vc120.pdb' ; l'objet sera lié sans informations de débogage
     1>3ds-d.lib(lib3ds_light.obj) : warning LNK4099: PDB 'vc120.pdb' n'a pu être trouvé avec '3ds-d.lib(lib3ds_light.obj)' ou sur 'C:\Users\Renaud\Desktop\Lucarne\Main\src-2015\vc120.pdb' ; l'objet sera lié sans informations de débogage
     1>3ds-d.lib(lib3ds_material.obj) : warning LNK4099: PDB 'vc120.pdb' n'a pu être trouvé avec '3ds-d.lib(lib3ds_material.obj)' ou sur 'C:\Users\Renaud\Desktop\Lucarne\Main\src-2015\vc120.pdb' ; l'objet sera lié sans informations de débogage
     1>3ds-d.lib(lib3ds_math.obj) : warning LNK4099: PDB 'vc120.pdb' n'a pu être trouvé avec '3ds-d.lib(lib3ds_math.obj)' ou sur 'C:\Users\Renaud\Desktop\Lucarne\Main\src-2015\vc120.pdb' ; l'objet sera lié sans informations de débogage
     1>3ds-d.lib(lib3ds_matrix.obj) : warning LNK4099: PDB 'vc120.pdb' n'a pu être trouvé avec '3ds-d.lib(lib3ds_matrix.obj)' ou sur 'C:\Users\Renaud\Desktop\Lucarne\Main\src-2015\vc120.pdb' ; l'objet sera lié sans informations de débogage
     1>3ds-d.lib(lib3ds_mesh.obj) : warning LNK4099: PDB 'vc120.pdb' n'a pu être trouvé avec '3ds-d.lib(lib3ds_mesh.obj)' ou sur 'C:\Users\Renaud\Desktop\Lucarne\Main\src-2015\vc120.pdb' ; l'objet sera lié sans informations de débogage
     1>3ds-d.lib(lib3ds_node.obj) : warning LNK4099: PDB 'vc120.pdb' n'a pu être trouvé avec '3ds-d.lib(lib3ds_node.obj)' ou sur 'C:\Users\Renaud\Desktop\Lucarne\Main\src-2015\vc120.pdb' ; l'objet sera lié sans informations de débogage
     1>3ds-d.lib(lib3ds_quat.obj) : warning LNK4099: PDB 'vc120.pdb' n'a pu être trouvé avec '3ds-d.lib(lib3ds_quat.obj)' ou sur 'C:\Users\Renaud\Desktop\Lucarne\Main\src-2015\vc120.pdb' ; l'objet sera lié sans informations de débogage
     1>3ds-d.lib(lib3ds_shadow.obj) : warning LNK4099: PDB 'vc120.pdb' n'a pu être trouvé avec '3ds-d.lib(lib3ds_shadow.obj)' ou sur 'C:\Users\Renaud\Desktop\Lucarne\Main\src-2015\vc120.pdb' ; l'objet sera lié sans informations de débogage
     1>3ds-d.lib(lib3ds_track.obj) : warning LNK4099: PDB 'vc120.pdb' n'a pu être trouvé avec '3ds-d.lib(lib3ds_track.obj)' ou sur 'C:\Users\Renaud\Desktop\Lucarne\Main\src-2015\vc120.pdb' ; l'objet sera lié sans informations de débogage
     1>3ds-d.lib(lib3ds_util.obj) : warning LNK4099: PDB 'vc120.pdb' n'a pu être trouvé avec '3ds-d.lib(lib3ds_util.obj)' ou sur 'C:\Users\Renaud\Desktop\Lucarne\Main\src-2015\vc120.pdb' ; l'objet sera lié sans informations de débogage
     1>3ds-d.lib(lib3ds_vector.obj) : warning LNK4099: PDB 'vc120.pdb' n'a pu être trouvé avec '3ds-d.lib(lib3ds_vector.obj)' ou sur 'C:\Users\Renaud\Desktop\Lucarne\Main\src-2015\vc120.pdb' ; l'objet sera lié sans informations de débogage
     1>3ds-d.lib(lib3ds_viewport.obj) : warning LNK4099: PDB 'vc120.pdb' n'a pu être trouvé avec '3ds-d.lib(lib3ds_viewport.obj)' ou sur 'C:\Users\Renaud\Desktop\Lucarne\Main\src-2015\vc120.pdb' ; l'objet sera lié sans informations de débogage
     1>tinyxml-d.lib(tinystr.obj) : warning LNK4099: PDB 'vc120.pdb' n'a pu être trouvé avec 'tinyxml-d.lib(tinystr.obj)' ou sur 'C:\Users\Renaud\Desktop\Lucarne\Main\src-2015\vc120.pdb' ; l'objet sera lié sans informations de débogage
     1>tinyxml-d.lib(tinyxml.obj) : warning LNK4099: PDB 'vc120.pdb' n'a pu être trouvé avec 'tinyxml-d.lib(tinyxml.obj)' ou sur 'C:\Users\Renaud\Desktop\Lucarne\Main\src-2015\vc120.pdb' ; l'objet sera lié sans informations de débogage
     1>tinyxml-d.lib(tinyxmlerror.obj) : warning LNK4099: PDB 'vc120.pdb' n'a pu être trouvé avec 'tinyxml-d.lib(tinyxmlerror.obj)' ou sur 'C:\Users\Renaud\Desktop\Lucarne\Main\src-2015\vc120.pdb' ; l'objet sera lié sans informations de débogage
     1>tinyxml-d.lib(tinyxmlparser.obj) : warning LNK4099: PDB 'vc120.pdb' n'a pu être trouvé avec 'tinyxml-d.lib(tinyxmlparser.obj)' ou sur 'C:\Users\Renaud\Desktop\Lucarne\Main\src-2015\vc120.pdb' ; l'objet sera lié sans informations de débogage
     1>LibSL_gl-d.lib(GLHelpers.obj) : warning LNK4099: PDB 'vc120.pdb' n'a pu être trouvé avec 'LibSL_gl-d.lib(GLHelpers.obj)' ou sur 'C:\Users\Renaud\Desktop\Lucarne\Main\src-2015\vc120.pdb' ; l'objet sera lié sans informations de débogage
     1>LibSL_gl-d.lib(GPUHelpers.obj) : warning LNK4099: PDB 'vc120.pdb' n'a pu être trouvé avec 'LibSL_gl-d.lib(GPUHelpers.obj)' ou sur 'C:\Users\Renaud\Desktop\Lucarne\Main\src-2015\vc120.pdb' ; l'objet sera lié sans informations de débogage
     1>LibSL_gl-d.lib(Shapes.obj) : warning LNK4099: PDB 'vc120.pdb' n'a pu être trouvé avec 'LibSL_gl-d.lib(Shapes.obj)' ou sur 'C:\Users\Renaud\Desktop\Lucarne\Main\src-2015\vc120.pdb' ; l'objet sera lié sans informations de débogage
     1>LibSL_gl-d.lib(SimpleUI.obj) : warning LNK4099: PDB 'vc120.pdb' n'a pu être trouvé avec 'LibSL_gl-d.lib(SimpleUI.obj)' ou sur 'C:\Users\Renaud\Desktop\Lucarne\Main\src-2015\vc120.pdb' ; l'objet sera lié sans informations de débogage
     1>glux-d.lib(gluxLoader.obj) : warning LNK4099: PDB 'vc120.pdb' n'a pu être trouvé avec 'glux-d.lib(gluxLoader.obj)' ou sur 'C:\Users\Renaud\Desktop\Lucarne\Main\src-2015\vc120.pdb' ; l'objet sera lié sans informations de débogage
     1>glux-d.lib(gluxPlugin.obj) : warning LNK4099: PDB 'vc120.pdb' n'a pu être trouvé avec 'glux-d.lib(gluxPlugin.obj)' ou sur 'C:\Users\Renaud\Desktop\Lucarne\Main\src-2015\vc120.pdb' ; l'objet sera lié sans informations de débogage
     1>glux-d.lib(glux.obj) : warning LNK4099: PDB 'vc120.pdb' n'a pu être trouvé avec 'glux-d.lib(glux.obj)' ou sur 'C:\Users\Renaud\Desktop\Lucarne\Main\src-2015\vc120.pdb' ; l'objet sera lié sans informations de débogage
         Lucarne.vcxproj -> C:\Users\Renaud\Desktop\Lucarne\Main\src-2015\Lucarne-d.exe
     1>Génération du projet "C:\Users\Renaud\Desktop\Lucarne\Main\BUILD\src\Lucarne\Lucarne.vcxproj" terminée (Build cible(s)).

La génération a réussi.

Temps écoulé 00:00:01.29
