c:\users\mohamed-user\documents\github\lucarne\main\build\src\lucarne\lucarne.dir\debug\vc120.pdb
c:\users\mohamed-user\documents\github\lucarne\main\build\src\lucarne\lucarne.dir\debug\entity.obj
c:\users\mohamed-user\documents\github\lucarne\main\build\src\lucarne\lucarne.dir\debug\tilemap.obj
c:\users\mohamed-user\documents\github\lucarne\main\build\src\lucarne\lucarne.dir\debug\script.obj
c:\users\mohamed-user\documents\github\lucarne\main\build\src\lucarne\lucarne.dir\debug\main.obj
c:\users\mohamed-user\documents\github\lucarne\main\build\src\lucarne\cmakefiles\generate.stamp
c:\users\mohamed-user\documents\github\lucarne\main\src-2015\lucarne-d.ilk
c:\users\mohamed-user\documents\github\lucarne\main\src-2015\lucarne-d.exe
c:\users\mohamed-user\documents\github\lucarne\main\src-2015\lucarne-d.pdb
c:\users\mohamed-user\documents\github\lucarne\main\build\src\lucarne\debug\lucarne-d.lib
c:\users\mohamed-user\documents\github\lucarne\main\build\src\lucarne\debug\lucarne-d.exp
c:\users\mohamed-user\documents\github\lucarne\main\build\src\lucarne\lucarne.dir\debug\lucarne.vcxprojresolveassemblyreference.cache
c:\users\mohamed-user\documents\github\lucarne\main\build\src\lucarne\lucarne.dir\debug\lucarne.tlog\cl.command.1.tlog
c:\users\mohamed-user\documents\github\lucarne\main\build\src\lucarne\lucarne.dir\debug\lucarne.tlog\cl.read.1.tlog
c:\users\mohamed-user\documents\github\lucarne\main\build\src\lucarne\lucarne.dir\debug\lucarne.tlog\cl.write.1.tlog
c:\users\mohamed-user\documents\github\lucarne\main\build\src\lucarne\lucarne.dir\debug\lucarne.tlog\custombuild.command.1.tlog
c:\users\mohamed-user\documents\github\lucarne\main\build\src\lucarne\lucarne.dir\debug\lucarne.tlog\custombuild.read.1.tlog
c:\users\mohamed-user\documents\github\lucarne\main\build\src\lucarne\lucarne.dir\debug\lucarne.tlog\custombuild.write.1.tlog
c:\users\mohamed-user\documents\github\lucarne\main\build\src\lucarne\lucarne.dir\debug\lucarne.tlog\link.command.1.tlog
c:\users\mohamed-user\documents\github\lucarne\main\build\src\lucarne\lucarne.dir\debug\lucarne.tlog\link.read.1.tlog
c:\users\mohamed-user\documents\github\lucarne\main\build\src\lucarne\lucarne.dir\debug\lucarne.tlog\link.write.1.tlog
c:\users\mohamed-user\documents\github\lucarne\main\build\src\lucarne\lucarne.dir\debug\lucarne.tlog\lucarne.write.1u.tlog
